\BOOKMARK [0][-]{chapter*.1}{Acknowledgements}{}% 1
\BOOKMARK [0][-]{chapter*.1}{List of Figures}{}% 2
\BOOKMARK [0][-]{chapter*.1}{List of Tables}{}% 3
\BOOKMARK [0][-]{chapter*.2}{Acronyms}{}% 4
\BOOKMARK [0][-]{chapter*.3}{Abstract}{}% 5
\BOOKMARK [0][-]{chapter.1}{Computer Aided Drug Design \046 Glycosaminoglycans}{}% 6
\BOOKMARK [1][-]{section.1.1}{Adrift in Chemical Space}{chapter.1}% 7
\BOOKMARK [1][-]{section.1.2}{Glycosaminoglycans in Biology and Medicine}{chapter.1}% 8
\BOOKMARK [2][-]{subsection.1.2.1}{Structure and Function}{section.1.2}% 9
\BOOKMARK [2][-]{subsection.1.2.2}{Case Study 1: Antithrombin and Fondarinux}{section.1.2}% 10
\BOOKMARK [2][-]{subsection.1.2.3}{Case Study 2: Heparanase and PG545}{section.1.2}% 11
\BOOKMARK [1][-]{section.1.3}{Computational Chemistry \(in a Nutshell\)}{chapter.1}% 12
\BOOKMARK [0][-]{chapter.2}{Methods Development in Protein-Ligand Docking}{}% 13
\BOOKMARK [1][-]{section.2.1}{Theory}{chapter.2}% 14
\BOOKMARK [2][-]{subsection.2.1.1}{Search Functions}{section.2.1}% 15
\BOOKMARK [2][-]{subsection.2.1.2}{Scoring Functions}{section.2.1}% 16
\BOOKMARK [1][-]{section.2.2}{Research Aims}{chapter.2}% 17
\BOOKMARK [0][-]{chapter.3}{Data Mining the Protein Data Bank for Glycosaminoglycan Interactions}{}% 18
\BOOKMARK [1][-]{section.3.1}{Methods}{chapter.3}% 19
\BOOKMARK [2][-]{subsection.3.1.1}{The GAG70 Dataset: Creation and Curation}{section.3.1}% 20
\BOOKMARK [2][-]{subsection.3.1.2}{Carbohydrate Structure Analysis}{section.3.1}% 21
\BOOKMARK [2][-]{subsection.3.1.3}{Intermolecular Interactions}{section.3.1}% 22
\BOOKMARK [1][-]{section.3.2}{Results and Discussion}{chapter.3}% 23
\BOOKMARK [0][-]{chapter.4}{Development of a Glycosaminoglycan Specific Scoring Function}{}% 24
\BOOKMARK [1][-]{section.4.1}{Glycosidic Torsion Energy Penalty Functions}{chapter.4}% 25
\BOOKMARK [2][-]{subsection.4.1.1}{Methods}{section.4.1}% 26
\BOOKMARK [2][-]{subsection.4.1.2}{Results and Discussion}{section.4.1}% 27
\BOOKMARK [1][-]{section.4.2}{Saltbridge Energy Scoring Function}{chapter.4}% 28
\BOOKMARK [2][-]{subsection.4.2.1}{Methods}{section.4.2}% 29
\BOOKMARK [2][-]{subsection.4.2.2}{Results and Discussion}{section.4.2}% 30
\BOOKMARK [0][-]{chapter.5}{Benchmarking Docking Software for Glycosaminoglycans}{}% 31
\BOOKMARK [1][-]{section.5.1}{Methods}{chapter.5}% 32
\BOOKMARK [2][-]{subsection.5.1.1}{Docking}{section.5.1}% 33
\BOOKMARK [2][-]{subsection.5.1.2}{Analysis}{section.5.1}% 34
\BOOKMARK [1][-]{section.5.2}{Results and Discussion}{chapter.5}% 35
\BOOKMARK [2][-]{subsection.5.2.1}{Comparing the Performance of Autodock Vina and Vina-Carb}{section.5.2}% 36
\BOOKMARK [0][-]{chapter.6}{GlycoTorch Web Server}{}% 37
\BOOKMARK [0][-]{chapter.7}{Appendix A}{}% 38
